<?xml version="1.0" encoding="UTF-8"?>
<testsuite xmlns:xsi="http://www.w3.org/2001/XMLSchema-instance" xsi:noNamespaceSchemaLocation="https://maven.apache.org/surefire/maven-surefire-plugin/xsd/surefire-test-report-3.0.xsd" version="3.0" name="cucumber.Options.testRunner" time="16.629" tests="2" errors="0" skipped="0" failures="0">
  <properties>
[...]
</properties>
  <testcase name="Verify if place is being successfully added using AddPlace API" classname="Validating place API&apos;s&apos;" time="11.335">
    <system-out><![CDATA[/maps/api/place/add/json
Request method:	POST
Request URI:	https://rahulshettyacademy.com/maps/api/place/add/json?key=qaclick123
Proxy:			<none>
Request params:	<none>
Query params:	key=qaclick123
Form params:	<none>
Path params:	<none>
Headers:		Accept=*/*
				Content-Type=application/json
Cookies:		<none>
Multiparts:		<none>
Body:
{
    "location": {
        "lat": -40.383494,
        "lng": 40.427362
    },
    "accuracy": "100",
    "name": "RubyElite",
    "phone_number": "123456789",
    "address": "30,Mudichur",
    "types": [
        "Ruby",
        "Residency"
    ],
    "website": "http://google.com",
    "language": "English"
}
JsonPathValue OK
JsonPathValue APP
JsonPathValue a3753ce10dd2e411784d9237d665d2e8
/maps/api/place/get/json
Response io.restassured.internal.RestAssuredResponseImpl@66f16742
JsonPathValue RubyElite
]]></system-out>
  </testcase>
  <testcase name="Verify if place is being successfully deleted using DeletePlaceAPI" classname="Validating place API&apos;s&apos;" time="3.744">
    <system-out><![CDATA[/maps/api/place/delete/json
JsonPathValue OK
]]></system-out>
  </testcase>
</testsuite>